#
# There is insufficient memory for the Java Runtime Environment to continue.
# Native memory allocation (malloc) failed to allocate 559056 bytes for Chunk::new
# Possible reasons:
#   The system is out of physical RAM or swap space
#   In 32 bit mode, the process size limit was hit
# Possible solutions:
#   Reduce memory load on the system
#   Increase physical memory or swap space
#   Check if swap backing store is full
#   Use 64 bit Java on a 64 bit OS
#   Decrease Java heap size (-Xmx/-Xms)
#   Decrease number of Java threads
#   Decrease Java thread stack sizes (-Xss)
#   Set larger code cache with -XX:ReservedCodeCacheSize=
# This output file may be truncated or incomplete.
#
#  Out of Memory Error (allocation.cpp:390), pid=6344, tid=0x00000000000017a8
#
# JRE version: Java(TM) SE Runtime Environment (8.0_102-b14) (build 1.8.0_102-b14)
# Java VM: Java HotSpot(TM) 64-Bit Server VM (25.102-b14 mixed mode windows-amd64 compressed oops)
# Failed to write core dump. Minidumps are not enabled by default on client versions of Windows
#

---------------  T H R E A D  ---------------

Current thread (0x0000000017733800):  JavaThread "C2 CompilerThread1" daemon [_thread_in_native, id=6056, stack(0x0000000018ea0000,0x0000000018fa0000)]

Stack: [0x0000000018ea0000,0x0000000018fa0000]
[error occurred during error reporting (printing stack bounds), id 0xc0000005]

Native frames: (J=compiled Java code, j=interpreted, Vv=VM code, C=native code)


Current CompileTask:
C2:  57800 7190       4       java.util.Formatter$FormatSpecifier::<init> (246 bytes)


---------------  P R O C E S S  ---------------

Java Threads: ( => current thread )
  0x0000000020559000 JavaThread "stdout" daemon [_thread_in_native, id=3040, stack(0x0000000026e80000,0x0000000026f80000)]
  0x000000002055c000 JavaThread "stderr" daemon [_thread_in_native, id=7828, stack(0x0000000026d80000,0x0000000026e80000)]
  0x000000002055b800 JavaThread "stdout" daemon [_thread_in_native, id=11852, stack(0x0000000026c80000,0x0000000026d80000)]
  0x0000000020557800 JavaThread "stderr" daemon [_thread_in_native, id=4924, stack(0x0000000026b80000,0x0000000026c80000)]
  0x000000002055d800 JavaThread "stdout" daemon [_thread_in_native, id=1724, stack(0x0000000026a80000,0x0000000026b80000)]
  0x000000002055a800 JavaThread "stderr" daemon [_thread_in_native, id=904, stack(0x0000000026980000,0x0000000026a80000)]
  0x000000002055a000 JavaThread "stdout" daemon [_thread_in_native, id=968, stack(0x0000000026880000,0x0000000026980000)]
  0x000000002055d000 JavaThread "stderr" daemon [_thread_in_native, id=12852, stack(0x0000000026780000,0x0000000026880000)]
  0x0000000020558800 JavaThread "stdout" daemon [_thread_in_native, id=12620, stack(0x0000000026680000,0x0000000026780000)]
  0x000000001eaa3000 JavaThread "stderr" daemon [_thread_in_native, id=13620, stack(0x0000000026580000,0x0000000026680000)]
  0x000000001eaa3800 JavaThread "stdout" daemon [_thread_in_native, id=14560, stack(0x0000000026480000,0x0000000026580000)]
  0x000000001eaa2000 JavaThread "stderr" daemon [_thread_in_native, id=4416, stack(0x0000000026380000,0x0000000026480000)]
  0x000000001eaa0800 JavaThread "stdout" daemon [_thread_in_native, id=2812, stack(0x0000000026280000,0x0000000026380000)]
  0x000000001eaa0000 JavaThread "stderr" daemon [_thread_in_native, id=3692, stack(0x0000000026180000,0x0000000026280000)]
  0x000000001ea98800 JavaThread "stdout" daemon [_thread_in_native, id=668, stack(0x0000000026080000,0x0000000026180000)]
  0x000000001ea9d000 JavaThread "stderr" daemon [_thread_in_native, id=12460, stack(0x0000000025f80000,0x0000000026080000)]
  0x000000001ea9f000 JavaThread "stdout" daemon [_thread_in_native, id=15176, stack(0x0000000025d80000,0x0000000025e80000)]
  0x000000001ea9d800 JavaThread "stderr" daemon [_thread_in_native, id=11684, stack(0x0000000025c80000,0x0000000025d80000)]
  0x000000001ea9e800 JavaThread "stdout" daemon [_thread_in_native, id=11980, stack(0x0000000025b80000,0x0000000025c80000)]
  0x000000001ea9a800 JavaThread "stderr" daemon [_thread_in_native, id=7256, stack(0x0000000025a80000,0x0000000025b80000)]
  0x000000001ea9c000 JavaThread "stdout" daemon [_thread_in_native, id=12516, stack(0x0000000025980000,0x0000000025a80000)]
  0x000000001ea9a000 JavaThread "stderr" daemon [_thread_in_native, id=6280, stack(0x0000000025880000,0x0000000025980000)]
  0x000000001ea96000 JavaThread "stdout" daemon [_thread_in_native, id=10576, stack(0x0000000025780000,0x0000000025880000)]
  0x000000001ea9b800 JavaThread "stderr" daemon [_thread_in_native, id=13988, stack(0x0000000025680000,0x0000000025780000)]
  0x000000001ea95800 JavaThread "stdout" daemon [_thread_in_native, id=10520, stack(0x0000000025580000,0x0000000025680000)]
  0x000000001ea97800 JavaThread "stderr" daemon [_thread_in_native, id=3016, stack(0x0000000025480000,0x0000000025580000)]
  0x000000001ea97000 JavaThread "stdout" daemon [_thread_in_native, id=7140, stack(0x0000000025380000,0x0000000025480000)]
  0x000000001ea94800 JavaThread "stderr" daemon [_thread_in_native, id=7180, stack(0x0000000025280000,0x0000000025380000)]
  0x000000001ea99000 JavaThread "stdout" daemon [_thread_in_native, id=9888, stack(0x0000000025180000,0x0000000025280000)]
  0x000000001acff800 JavaThread "stderr" daemon [_thread_in_native, id=4276, stack(0x0000000025080000,0x0000000025180000)]
  0x000000001acfe000 JavaThread "stdout" daemon [_thread_in_native, id=4132, stack(0x0000000024f80000,0x0000000025080000)]
  0x000000001ad04000 JavaThread "stderr" daemon [_thread_in_native, id=3084, stack(0x0000000024e80000,0x0000000024f80000)]
  0x000000001ad02800 JavaThread "stdout" daemon [_thread_in_native, id=11612, stack(0x0000000024d80000,0x0000000024e80000)]
  0x000000001ad02000 JavaThread "stderr" daemon [_thread_in_native, id=11912, stack(0x0000000024c80000,0x0000000024d80000)]
  0x000000001acff000 JavaThread "stdout" daemon [_thread_in_native, id=2948, stack(0x0000000024b80000,0x0000000024c80000)]
  0x000000001ad01000 JavaThread "stderr" daemon [_thread_in_native, id=8456, stack(0x0000000024a80000,0x0000000024b80000)]
  0x000000001ad03800 JavaThread "png-cruncher_20" daemon [_thread_blocked, id=13668, stack(0x0000000024980000,0x0000000024a80000)]
  0x000000001ad00800 JavaThread "png-cruncher_19" daemon [_thread_blocked, id=1860, stack(0x0000000024880000,0x0000000024980000)]
  0x000000001acf6800 JavaThread "png-cruncher_18" daemon [_thread_blocked, id=8788, stack(0x0000000024780000,0x0000000024880000)]
  0x000000001acfd800 JavaThread "png-cruncher_17" daemon [_thread_blocked, id=13344, stack(0x0000000024680000,0x0000000024780000)]
  0x000000001acfc800 JavaThread "png-cruncher_16" daemon [_thread_blocked, id=6864, stack(0x0000000024580000,0x0000000024680000)]
  0x000000001acfb000 JavaThread "png-cruncher_15" daemon [_thread_blocked, id=15116, stack(0x0000000024480000,0x0000000024580000)]
  0x000000001acfc000 JavaThread "png-cruncher_14" daemon [_thread_blocked, id=2000, stack(0x0000000024380000,0x0000000024480000)]
  0x000000001acf5000 JavaThread "png-cruncher_13" daemon [_thread_blocked, id=12724, stack(0x0000000024280000,0x0000000024380000)]
  0x000000001acf8000 JavaThread "png-cruncher_12" daemon [_thread_blocked, id=600, stack(0x0000000024180000,0x0000000024280000)]
  0x000000001acfa800 JavaThread "png-cruncher_11" daemon [_thread_blocked, id=12904, stack(0x0000000024080000,0x0000000024180000)]
  0x000000001acf5800 JavaThread "png-cruncher_10" daemon [_thread_blocked, id=8320, stack(0x0000000023f80000,0x0000000024080000)]
  0x000000001acf9800 JavaThread "png-cruncher_9" daemon [_thread_blocked, id=8212, stack(0x0000000023e80000,0x0000000023f80000)]
  0x000000001acf7000 JavaThread "png-cruncher_8" daemon [_thread_blocked, id=13336, stack(0x0000000023d80000,0x0000000023e80000)]
  0x000000001acf9000 JavaThread "png-cruncher_7" daemon [_thread_blocked, id=1916, stack(0x0000000023c80000,0x0000000023d80000)]
  0x000000001c645800 JavaThread "png-cruncher_6" daemon [_thread_blocked, id=11452, stack(0x0000000023b80000,0x0000000023c80000)]
  0x000000001c644800 JavaThread "png-cruncher_5" daemon [_thread_blocked, id=7576, stack(0x0000000023a80000,0x0000000023b80000)]
  0x000000001c641000 JavaThread "png-cruncher_4" daemon [_thread_blocked, id=3700, stack(0x0000000023980000,0x0000000023a80000)]
  0x000000001c644000 JavaThread "png-cruncher_3" daemon [_thread_blocked, id=11200, stack(0x0000000023880000,0x0000000023980000)]
  0x000000001c643000 JavaThread "png-cruncher_2" daemon [_thread_blocked, id=3248, stack(0x0000000023780000,0x0000000023880000)]
  0x000000001c642800 JavaThread "png-cruncher_1" daemon [_thread_blocked, id=11212, stack(0x0000000023680000,0x0000000023780000)]
  0x000000001c640000 JavaThread "pool-1-thread-4" [_thread_blocked, id=13556, stack(0x0000000023480000,0x0000000023580000)]
  0x000000001c647000 JavaThread "pool-1-thread-3" [_thread_blocked, id=13140, stack(0x0000000023380000,0x0000000023480000)]
  0x000000001c641800 JavaThread "pool-1-thread-2" [_thread_blocked, id=10096, stack(0x0000000023280000,0x0000000023380000)]
  0x000000001c646000 JavaThread "pool-1-thread-1" [_thread_blocked, id=13824, stack(0x0000000023180000,0x0000000023280000)]
  0x000000001e8ca800 JavaThread "File lock request listener" [_thread_in_native, id=6204, stack(0x000000001f800000,0x000000001f900000)]
  0x000000001a3da000 JavaThread "Stdin handler" [_thread_blocked, id=3964, stack(0x000000001bd60000,0x000000001be60000)]
  0x000000001a3f3800 JavaThread "Daemon worker" [_thread_in_native, id=6416, stack(0x000000001bc60000,0x000000001bd60000)]
  0x000000001a3ee000 JavaThread "Cancel handler" [_thread_blocked, id=11280, stack(0x000000001bb60000,0x000000001bc60000)]
  0x000000001a3be800 JavaThread "Handler for socket connection from /127.0.0.1:1745 to /127.0.0.1:1748" [_thread_in_native, id=9364, stack(0x000000001ba60000,0x000000001bb60000)]
  0x000000001a3c4800 JavaThread "Daemon" [_thread_blocked, id=14980, stack(0x000000001b960000,0x000000001ba60000)]
  0x000000001a413000 JavaThread "Incoming local TCP Connector on port 1745" [_thread_in_native, id=9100, stack(0x0000000019ea0000,0x0000000019fa0000)]
  0x00000000190d2800 JavaThread "Service Thread" daemon [_thread_blocked, id=8468, stack(0x00000000194a0000,0x00000000195a0000)]
  0x000000001775c800 JavaThread "C1 CompilerThread2" daemon [_thread_blocked, id=10976, stack(0x0000000018fa0000,0x00000000190a0000)]
=>0x0000000017733800 JavaThread "C2 CompilerThread1" daemon [_thread_in_native, id=6056, stack(0x0000000018ea0000,0x0000000018fa0000)]
  0x0000000017731800 JavaThread "C2 CompilerThread0" daemon [_thread_blocked, id=13224, stack(0x0000000018da0000,0x0000000018ea0000)]
  0x000000001772f800 JavaThread "Attach Listener" daemon [_thread_blocked, id=12876, stack(0x0000000018ca0000,0x0000000018da0000)]
  0x000000001772c000 JavaThread "Signal Dispatcher" daemon [_thread_blocked, id=10812, stack(0x0000000018ba0000,0x0000000018ca0000)]
  0x000000001771a800 JavaThread "Finalizer" daemon [_thread_blocked, id=10624, stack(0x00000000189a0000,0x0000000018aa0000)]
  0x0000000005050800 JavaThread "Reference Handler" daemon [_thread_blocked, id=6964, stack(0x00000000188a0000,0x00000000189a0000)]
  0x0000000004f62800 JavaThread "main" [_thread_blocked, id=7408, stack(0x0000000004e60000,0x0000000004f60000)]

Other Threads:
  0x00000000176f8800 VMThread [stack: 0x00000000187a0000,0x00000000188a0000] [id=6784]
  0x00000000190db000 WatcherThread [stack: 0x00000000195a0000,0x00000000196a0000] [id=12004]

VM state:not at safepoint (normal execution)

VM Mutex/Monitor currently owned by a thread: None

Heap:
 PSYoungGen      total 133632K, used 60531K [0x00000000eab00000, 0x00000000f7100000, 0x0000000100000000)
  eden space 117760K, 37% used [0x00000000eab00000,0x00000000ed6a14a8,0x00000000f1e00000)
  from space 15872K, 99% used [0x00000000f1e00000,0x00000000f2d7b9b8,0x00000000f2d80000)
  to   space 20992K, 0% used [0x00000000f5c80000,0x00000000f5c80000,0x00000000f7100000)
 ParOldGen       total 87552K, used 28998K [0x00000000c0000000, 0x00000000c5580000, 0x00000000eab00000)
  object space 87552K, 33% used [0x00000000c0000000,0x00000000c1c51a80,0x00000000c5580000)
 Metaspace       used 47121K, capacity 48162K, committed 48384K, reserved 1091584K
  class space    used 6443K, capacity 6795K, committed 6912K, reserved 1048576K

Card table byte_map: [0x0000000014420000,0x0000000014630000] byte_map_base: 0x0000000013e20000

Marking Bits: (ParMarkBitMap*) 0x000000006ef3a6c0
 Begin Bits: [0x0000000014b90000, 0x0000000015b90000)
 End Bits:   [0x0000000015b90000, 0x0000000016b90000)

Polling page: 0x0000000000bf0000

CodeCache: size=245760Kb used=21016Kb max_used=22165Kb free=224743Kb
 bounds [0x0000000005060000, 0x0000000006620000, 0x0000000014060000]
 total_blobs=6677 nmethods=5973 adapters=615
 compilation: enabled

Compilation events (10 events):
Event: 57.612 Thread 0x000000001775c800 7192       3       java.util.concurrent.ConcurrentLinkedQueue::succ (19 bytes)
Event: 57.612 Thread 0x000000001775c800 nmethod 7192 0x00000000064d3a90 code [0x00000000064d3be0, 0x00000000064d3d90]
Event: 57.620 Thread 0x0000000017731800 7193   !   4       java.util.Formatter$FormatSpecifier::index (53 bytes)
Event: 57.641 Thread 0x0000000017731800 nmethod 7193 0x0000000005315710 code [0x00000000053158a0, 0x0000000005316088]
Event: 57.642 Thread 0x0000000017731800 7194       4       java.util.concurrent.ConcurrentLinkedQueue::updateHead (20 bytes)
Event: 57.643 Thread 0x0000000017731800 nmethod 7194 0x0000000006463fd0 code [0x0000000006464100, 0x00000000064641b8]
Event: 57.649 Thread 0x0000000017731800 7195       4       java.util.Formatter$Flags::parse (67 bytes)
Event: 57.655 Thread 0x0000000017731800 nmethod 7195 0x000000000526c090 code [0x000000000526c200, 0x000000000526c478]
Event: 57.655 Thread 0x0000000017731800 7196   !   4       java.util.Formatter$FormatSpecifier::width (59 bytes)
Event: 57.656 Thread 0x0000000017731800 nmethod 7196 0x00000000058e8c10 code [0x00000000058e8d60, 0x00000000058e8e28]

GC Heap History (10 events):
Event: 31.331 GC heap before
{Heap before GC invocations=11 (full 1):
 PSYoungGen      total 74752K, used 15715K [0x00000000eab00000, 0x00000000f1780000, 0x0000000100000000)
  eden space 64000K, 7% used [0x00000000eab00000,0x00000000eafe01c0,0x00000000ee980000)
  from space 10752K, 99% used [0x00000000ee980000,0x00000000ef3f8a88,0x00000000ef400000)
  to   space 12800K, 0% used [0x00000000f0b00000,0x00000000f0b00000,0x00000000f1780000)
 ParOldGen       total 65536K, used 11823K [0x00000000c0000000, 0x00000000c4000000, 0x00000000eab00000)
  object space 65536K, 18% used [0x00000000c0000000,0x00000000c0b8be20,0x00000000c4000000)
 Metaspace       used 34658K, capacity 35266K, committed 35456K, reserved 1079296K
  class space    used 4707K, capacity 4926K, committed 4992K, reserved 1048576K
Event: 31.358 GC heap after
Heap after GC invocations=11 (full 1):
 PSYoungGen      total 97280K, used 11377K [0x00000000eab00000, 0x00000000f2100000, 0x0000000100000000)
  eden space 84480K, 0% used [0x00000000eab00000,0x00000000eab00000,0x00000000efd80000)
  from space 12800K, 88% used [0x00000000f0b00000,0x00000000f161c438,0x00000000f1780000)
  to   space 13824K, 0% used [0x00000000efd80000,0x00000000efd80000,0x00000000f0b00000)
 ParOldGen       total 65536K, used 11831K [0x00000000c0000000, 0x00000000c4000000, 0x00000000eab00000)
  object space 65536K, 18% used [0x00000000c0000000,0x00000000c0b8de20,0x00000000c4000000)
 Metaspace       used 34658K, capacity 35266K, committed 35456K, reserved 1079296K
  class space    used 4707K, capacity 4926K, committed 4992K, reserved 1048576K
}
Event: 31.358 GC heap before
{Heap before GC invocations=12 (full 2):
 PSYoungGen      total 97280K, used 11377K [0x00000000eab00000, 0x00000000f2100000, 0x0000000100000000)
  eden space 84480K, 0% used [0x00000000eab00000,0x00000000eab00000,0x00000000efd80000)
  from space 12800K, 88% used [0x00000000f0b00000,0x00000000f161c438,0x00000000f1780000)
  to   space 13824K, 0% used [0x00000000efd80000,0x00000000efd80000,0x00000000f0b00000)
 ParOldGen       total 65536K, used 11831K [0x00000000c0000000, 0x00000000c4000000, 0x00000000eab00000)
  object space 65536K, 18% used [0x00000000c0000000,0x00000000c0b8de20,0x00000000c4000000)
 Metaspace       used 34658K, capacity 35266K, committed 35456K, reserved 1079296K
  class space    used 4707K, capacity 4926K, committed 4992K, reserved 1048576K
Event: 31.639 GC heap after
Heap after GC invocations=12 (full 2):
 PSYoungGen      total 97280K, used 0K [0x00000000eab00000, 0x00000000f2100000, 0x0000000100000000)
  eden space 84480K, 0% used [0x00000000eab00000,0x00000000eab00000,0x00000000efd80000)
  from space 12800K, 0% used [0x00000000f0b00000,0x00000000f0b00000,0x00000000f1780000)
  to   space 13824K, 0% used [0x00000000efd80000,0x00000000efd80000,0x00000000f0b00000)
 ParOldGen       total 87552K, used 19131K [0x00000000c0000000, 0x00000000c5580000, 0x00000000eab00000)
  object space 87552K, 21% used [0x00000000c0000000,0x00000000c12aed70,0x00000000c5580000)
 Metaspace       used 34658K, capacity 35266K, committed 35456K, reserved 1079296K
  class space    used 4707K, capacity 4926K, committed 4992K, reserved 1048576K
}
Event: 36.272 GC heap before
{Heap before GC invocations=13 (full 2):
 PSYoungGen      total 97280K, used 84480K [0x00000000eab00000, 0x00000000f2100000, 0x0000000100000000)
  eden space 84480K, 100% used [0x00000000eab00000,0x00000000efd80000,0x00000000efd80000)
  from space 12800K, 0% used [0x00000000f0b00000,0x00000000f0b00000,0x00000000f1780000)
  to   space 13824K, 0% used [0x00000000efd80000,0x00000000efd80000,0x00000000f0b00000)
 ParOldGen       total 87552K, used 19131K [0x00000000c0000000, 0x00000000c5580000, 0x00000000eab00000)
  object space 87552K, 21% used [0x00000000c0000000,0x00000000c12aed70,0x00000000c5580000)
 Metaspace       used 39544K, capacity 40288K, committed 40448K, reserved 1083392K
  class space    used 5386K, capacity 5607K, committed 5632K, reserved 1048576K
Event: 36.291 GC heap after
Heap after GC invocations=13 (full 2):
 PSYoungGen      total 98304K, used 7861K [0x00000000eab00000, 0x00000000f3a80000, 0x0000000100000000)
  eden space 84480K, 0% used [0x00000000eab00000,0x00000000eab00000,0x00000000efd80000)
  from space 13824K, 56% used [0x00000000efd80000,0x00000000f052d550,0x00000000f0b00000)
  to   space 13312K, 0% used [0x00000000f2d80000,0x00000000f2d80000,0x00000000f3a80000)
 ParOldGen       total 87552K, used 19139K [0x00000000c0000000, 0x00000000c5580000, 0x00000000eab00000)
  object space 87552K, 21% used [0x00000000c0000000,0x00000000c12b0d70,0x00000000c5580000)
 Metaspace       used 39544K, capacity 40288K, committed 40448K, reserved 1083392K
  class space    used 5386K, capacity 5607K, committed 5632K, reserved 1048576K
}
Event: 39.922 GC heap before
{Heap before GC invocations=14 (full 2):
 PSYoungGen      total 98304K, used 92341K [0x00000000eab00000, 0x00000000f3a80000, 0x0000000100000000)
  eden space 84480K, 100% used [0x00000000eab00000,0x00000000efd80000,0x00000000efd80000)
  from space 13824K, 56% used [0x00000000efd80000,0x00000000f052d550,0x00000000f0b00000)
  to   space 13312K, 0% used [0x00000000f2d80000,0x00000000f2d80000,0x00000000f3a80000)
 ParOldGen       total 87552K, used 19139K [0x00000000c0000000, 0x00000000c5580000, 0x00000000eab00000)
  object space 87552K, 21% used [0x00000000c0000000,0x00000000c12b0d70,0x00000000c5580000)
 Metaspace       used 43104K, capacity 43940K, committed 44160K, reserved 1087488K
  class space    used 5972K, capacity 6195K, committed 6272K, reserved 1048576K
Event: 39.955 GC heap after
Heap after GC invocations=14 (full 2):
 PSYoungGen      total 131072K, used 13285K [0x00000000eab00000, 0x00000000f3d80000, 0x0000000100000000)
  eden space 117760K, 0% used [0x00000000eab00000,0x00000000eab00000,0x00000000f1e00000)
  from space 13312K, 99% used [0x00000000f2d80000,0x00000000f3a796c8,0x00000000f3a80000)
  to   space 15872K, 0% used [0x00000000f1e00000,0x00000000f1e00000,0x00000000f2d80000)
 ParOldGen       total 87552K, used 20950K [0x00000000c0000000, 0x00000000c5580000, 0x00000000eab00000)
  object space 87552K, 23% used [0x00000000c0000000,0x00000000c14758f0,0x00000000c5580000)
 Metaspace       used 43104K, capacity 43940K, committed 44160K, reserved 1087488K
  class space    used 5972K, capacity 6195K, committed 6272K, reserved 1048576K
}
Event: 54.806 GC heap before
{Heap before GC invocations=15 (full 2):
 PSYoungGen      total 131072K, used 131045K [0x00000000eab00000, 0x00000000f3d80000, 0x0000000100000000)
  eden space 117760K, 100% used [0x00000000eab00000,0x00000000f1e00000,0x00000000f1e00000)
  from space 13312K, 99% used [0x00000000f2d80000,0x00000000f3a796c8,0x00000000f3a80000)
  to   space 15872K, 0% used [0x00000000f1e00000,0x00000000f1e00000,0x00000000f2d80000)
 ParOldGen       total 87552K, used 20950K [0x00000000c0000000, 0x00000000c5580000, 0x00000000eab00000)
  object space 87552K, 23% used [0x00000000c0000000,0x00000000c14758f0,0x00000000c5580000)
 Metaspace       used 46918K, capacity 47970K, committed 48128K, reserved 1091584K
  class space    used 6431K, capacity 6795K, committed 6912K, reserved 1048576K
Event: 54.851 GC heap after
Heap after GC invocations=15 (full 2):
 PSYoungGen      total 133632K, used 15854K [0x00000000eab00000, 0x00000000f7100000, 0x0000000100000000)
  eden space 117760K, 0% used [0x00000000eab00000,0x00000000eab00000,0x00000000f1e00000)
  from space 15872K, 99% used [0x00000000f1e00000,0x00000000f2d7b9b8,0x00000000f2d80000)
  to   space 20992K, 0% used [0x00000000f5c80000,0x00000000f5c80000,0x00000000f7100000)
 ParOldGen       total 87552K, used 28998K [0x00000000c0000000, 0x00000000c5580000, 0x00000000eab00000)
  object space 87552K, 33% used [0x00000000c0000000,0x00000000c1c51a80,0x00000000c5580000)
 Metaspace       used 46918K, capacity 47970K, committed 48128K, reserved 1091584K
  class space    used 6431K, capacity 6795K, committed 6912K, reserved 1048576K
}

Deoptimization events (10 events):
Event: 54.659 Thread 0x000000001a3f3800 Uncommon trap: reason=bimorphic action=maybe_recompile pc=0x0000000006590a28 method=com.sun.org.apache.xerces.internal.dom.CoreDocumentImpl.isKidOK(Lorg/w3c/dom/Node;Lorg/w3c/dom/Node;)Z @ 39
Event: 54.659 Thread 0x000000001a3f3800 Uncommon trap: reason=bimorphic action=maybe_recompile pc=0x0000000006590a28 method=com.sun.org.apache.xerces.internal.dom.CoreDocumentImpl.isKidOK(Lorg/w3c/dom/Node;Lorg/w3c/dom/Node;)Z @ 39
Event: 54.659 Thread 0x000000001a3f3800 Uncommon trap: reason=bimorphic action=maybe_recompile pc=0x0000000006590a28 method=com.sun.org.apache.xerces.internal.dom.CoreDocumentImpl.isKidOK(Lorg/w3c/dom/Node;Lorg/w3c/dom/Node;)Z @ 39
Event: 54.659 Thread 0x000000001a3f3800 Uncommon trap: reason=bimorphic action=maybe_recompile pc=0x000000000656f9b8 method=com.sun.org.apache.xerces.internal.dom.CoreDocumentImpl.isKidOK(Lorg/w3c/dom/Node;Lorg/w3c/dom/Node;)Z @ 39
Event: 54.782 Thread 0x000000001a3f3800 Uncommon trap: reason=unstable_if action=reinterpret pc=0x0000000006464164 method=com.sun.org.apache.xerces.internal.dom.ChildNode.parentNode()Lcom/sun/org/apache/xerces/internal/dom/NodeImpl; @ 4
Event: 54.851 Thread 0x000000001c640000 Uncommon trap: reason=unstable_if action=reinterpret pc=0x0000000006365740 method=java.util.concurrent.locks.ReentrantLock$Sync.nonfairTryAcquire(I)Z @ 34
Event: 54.867 Thread 0x000000001a3f3800 Uncommon trap: reason=null_check action=make_not_entrant pc=0x00000000056ef02c method=com.android.ide.common.res2.NodeUtils.processSingleNodeNamespace(Lorg/w3c/dom/Node;Lorg/w3c/dom/Document;)Z @ 8
Event: 54.939 Thread 0x000000001c647000 Uncommon trap: reason=unstable_if action=reinterpret pc=0x00000000054d7a60 method=java.util.concurrent.locks.AbstractQueuedSynchronizer.release(I)Z @ 14
Event: 54.939 Thread 0x000000001c640000 Uncommon trap: reason=unstable_if action=reinterpret pc=0x0000000005e2a0d4 method=java.util.concurrent.locks.AbstractQueuedSynchronizer.release(I)Z @ 14
Event: 56.178 Thread 0x000000001ad03800 Uncommon trap: reason=unstable_if action=reinterpret pc=0x0000000005f460d0 method=java.util.regex.Matcher.appendReplacement(Ljava/lang/StringBuffer;Ljava/lang/String;)Ljava/util/regex/Matcher; @ 47

Internal exceptions (10 events):
Event: 51.772 Thread 0x000000001a3f3800 Exception <a 'java/lang/ClassNotFoundException': com/android/ide/common/res2/DataSetBeanInfo> (0x00000000ee79ca10) thrown at [C:\re\workspace\8-2-build-windows-amd64-cygwin\jdk8u102\7268\hotspot\src\share\vm\classfile\systemDictionary.cpp, line 210]
Event: 51.772 Thread 0x000000001a3f3800 Exception <a 'java/lang/ClassNotFoundException': com/android/ide/common/res2/DataSetCustomizer> (0x00000000ee7aaaf8) thrown at [C:\re\workspace\8-2-build-windows-amd64-cygwin\jdk8u102\7268\hotspot\src\share\vm\classfile\systemDictionary.cpp, line 210]
Event: 51.774 Thread 0x000000001a3f3800 Exception <a 'java/lang/ClassNotFoundException': com/android/ide/common/res2/AssetSetCustomizer> (0x00000000ee7d5a80) thrown at [C:\re\workspace\8-2-build-windows-amd64-cygwin\jdk8u102\7268\hotspot\src\share\vm\classfile\systemDictionary.cpp, line 210]
Event: 51.800 Thread 0x000000001a3f3800 Exception <a 'java/lang/ClassNotFoundException': com/android/ide/common/res2/MergedAssetWriterBeanInfo> (0x00000000ee8373a0) thrown at [C:\re\workspace\8-2-build-windows-amd64-cygwin\jdk8u102\7268\hotspot\src\share\vm\classfile\systemDictionary.cpp, line 2>*ÑÊI@
Event: 51.801 Thread 0x000000001a3f3800 Exception <a 'java/lang/ClassNotFoundException': com/android/ide/common/res2/MergeWriterBeanInfo> (0x00000000ee845898) thrown at [C:\re\workspace\8-2-build-windows-amd64-cygwin\jdk8u102\7268\hotspot\src\share\vm\classfile\systemDictionary.cpp, line 210]
Event: 51.801 Thread 0x000000001a3f3800 Exception <a 'java/lang/ClassNotFoundException': com/android/ide/common/res2/MergeWriterCustomizer> (0x00000000ee854110) thrown at [C:\re\workspace\8-2-build-windows-amd64-cygwin\jdk8u102\7268\hotspot\src\share\vm\classfile\systemDictionary.cpp, line 210]
Event: 51.802 Thread 0x000000001a3f3800 Exception <a 'java/lang/ClassNotFoundException': com/android/ide/common/res2/MergedAssetWriterCustomizer> (0x00000000ee8674c8) thrown at [C:\re\workspace\8-2-build-windows-amd64-cygwin\jdk8u102\7268\hotspot\src\share\vm\classfile\systemDictionary.cpp, line
Event: 52.098 Thread 0x000000001a3f3800 Exception <a 'java/lang/NoSuchMethodError': <clinit>> (0x00000000ee9c6c10) thrown at [C:\re\workspace\8-2-build-windows-amd64-cygwin\jdk8u102\7268\hotspot\src\share\vm\prims\jni.cpp, line 1613]
Event: 52.774 Thread 0x000000001a3f3800 Implicit null exception at 0x0000000006513deb to 0x0000000006514c91
Event: 54.867 Thread 0x000000001a3f3800 Implicit null exception at 0x00000000056eeed7 to 0x00000000056ef01b

Events (10 events):
Event: 57.669 Executing VM operation: RevokeBias done
Event: 57.669 Thread 0x0000000020562000 Thread exited: 0x0000000020562000
Event: 57.696 Executing VM operation: RevokeBias
Event: 57.696 Executing VM operation: RevokeBias done
Event: 57.696 Executing VM operation: RevokeBias
Event: 57.696 Executing VM operation: RevokeBias done
Event: 57.697 Executing VM operation: RevokeBias
Event: 57.697 Executing VM operation: RevokeBias done
Event: 57.697 Executing VM operation: BulkRevokeBias
Event: 57.698 Executing VM operation: BulkRevokeBias done


Dynamic libraries:
0x00007ff62e0f0000 - 0x00007ff62e127000 	C:\Program Files\Java\jdk1.8.0_102\bin\java.exe
0x00007ffe94940000 - 0x00007ffe94b20000 	C:\WINDOWS\SYSTEM32\ntdll.dll
0x00007ffe942f0000 - 0x00007ffe9439e000 	C:\WINDOWS\System32\KERNEL32.DLL
0x00007ffe91060000 - 0x00007ffe912c6000 	C:\WINDOWS\System32\KERNELBASE.dll
0x00007ffe921b0000 - 0x00007ffe92251000 	C:\WINDOWS\System32\ADVAPI32.dll
0x00007ffe94060000 - 0x00007ffe940fd000 	C:\WINDOWS\System32\msvcrt.dll
0x00007ffe92150000 - 0x00007ffe921ab000 	C:\WINDOWS\System32\sechost.dll
0x00007ffe943d0000 - 0x00007ffe944ef000 	C:\WINDOWS\System32\RPCRT4.dll
0x00007ffe944f0000 - 0x00007ffe9467f000 	C:\WINDOWS\System32\USER32.dll
0x00007ffe91600000 - 0x00007ffe91620000 	C:\WINDOWS\System32\win32u.dll
0x00007ffe91e10000 - 0x00007ffe91e38000 	C:\WINDOWS\System32\GDI32.dll
0x00007ffe91460000 - 0x00007ffe915f3000 	C:\WINDOWS\System32\gdi32full.dll
0x00007ffe91d70000 - 0x00007ffe91e0b000 	C:\WINDOWS\System32\msvcp_win.dll
0x00007ffe90d40000 - 0x00007ffe90e36000 	C:\WINDOWS\System32\ucrtbase.dll
0x00007ffe7f1d0000 - 0x00007ffe7f439000 	C:\WINDOWS\WinSxS\amd64_microsoft.windows.common-controls_6595b64144ccf1df_6.0.16299.431_none_15c7d3ee93659e73\COMCTL32.dll
0x00007ffe93ce0000 - 0x00007ffe93fe8000 	C:\WINDOWS\System32\combase.dll
0x00007ffe912d0000 - 0x00007ffe91342000 	C:\WINDOWS\System32\bcryptPrimitives.dll
0x00007ffe943a0000 - 0x00007ffe943cd000 	C:\WINDOWS\System32\IMM32.DLL
0x000000006f2d0000 - 0x000000006f3a1000 	C:\Program Files\Java\jdk1.8.0_102\jre\bin\msvcr100.dll
0x000000006e720000 - 0x000000006efba000 	C:\Program Files\Java\jdk1.8.0_102\jre\bin\server\jvm.dll
0x00007ffe93cd0000 - 0x00007ffe93cd8000 	C:\WINDOWS\System32\PSAPI.DLL
0x00007ffe8c970000 - 0x00007ffe8c993000 	C:\WINDOWS\SYSTEM32\WINMM.dll
0x00007ffe84090000 - 0x00007ffe8409a000 	C:\WINDOWS\SYSTEM32\VERSION.dll
0x00007ffe8c910000 - 0x00007ffe8c93a000 	C:\WINDOWS\SYSTEM32\winmmbase.dll
0x00007ffe90e40000 - 0x00007ffe90e8a000 	C:\WINDOWS\System32\cfgmgr32.dll
0x00007ffe886c0000 - 0x00007ffe886c9000 	C:\WINDOWS\SYSTEM32\WSOCK32.dll
0x00007ffe92780000 - 0x00007ffe927ec000 	C:\WINDOWS\System32\ws2_32.DLL
0x000000006fd80000 - 0x000000006fd8f000 	C:\Program Files\Java\jdk1.8.0_102\jre\bin\verify.dll
0x000000006e610000 - 0x000000006e639000 	C:\Program Files\Java\jdk1.8.0_102\jre\bin\java.dll
0x000000006f560000 - 0x000000006f576000 	C:\Program Files\Java\jdk1.8.0_102\jre\bin\zip.dll
0x00007ffe92890000 - 0x00007ffe93cc8000 	C:\WINDOWS\System32\SHELL32.dll
0x00007ffe94800000 - 0x00007ffe948a6000 	C:\WINDOWS\System32\shcore.dll
0x00007ffe91620000 - 0x00007ffe91d67000 	C:\WINDOWS\System32\windows.storage.dll
0x00007ffe947a0000 - 0x00007ffe947f1000 	C:\WINDOWS\System32\shlwapi.dll
0x00007ffe90cb0000 - 0x00007ffe90cc1000 	C:\WINDOWS\System32\kernel.appcore.dll
0x00007ffe90cd0000 - 0x00007ffe90d1c000 	C:\WINDOWS\System32\powrprof.dll
0x00007ffe90d20000 - 0x00007ffe90d3b000 	C:\WINDOWS\System32\profapi.dll
0x000000006e5f0000 - 0x000000006e60a000 	C:\Program Files\Java\jdk1.8.0_102\jre\bin\net.dll
0x00007ffe90520000 - 0x00007ffe90586000 	C:\WINDOWS\system32\mswsock.dll
0x000000006e5d0000 - 0x000000006e5e1000 	C:\Program Files\Java\jdk1.8.0_102\jre\bin\nio.dll
0x00007ffe7dd30000 - 0x00007ffe7dd42000 	C:\Users\Adam Puspabhuana\.gradle\native\19\windows-amd64\native-platform.dll
0x00007ffe902b0000 - 0x00007ffe902e9000 	C:\WINDOWS\SYSTEM32\IPHLPAPI.DLL
0x00007ffe93ff0000 - 0x00007ffe93ff8000 	C:\WINDOWS\System32\NSI.dll
0x00007ffe86e90000 - 0x00007ffe86ea6000 	C:\WINDOWS\SYSTEM32\dhcpcsvc6.DLL
0x00007ffe8a6e0000 - 0x00007ffe8a6fa000 	C:\WINDOWS\SYSTEM32\dhcpcsvc.DLL
0x00007ffe906e0000 - 0x00007ffe906f7000 	C:\WINDOWS\SYSTEM32\CRYPTSP.dll
0x00007ffe90120000 - 0x00007ffe90153000 	C:\WINDOWS\system32\rsaenh.dll
0x00007ffe907f0000 - 0x00007ffe90815000 	C:\WINDOWS\SYSTEM32\bcrypt.dll
0x00007ffe90b90000 - 0x00007ffe90bb9000 	C:\WINDOWS\SYSTEM32\USERENV.dll
0x00007ffe90700000 - 0x00007ffe9070b000 	C:\WINDOWS\SYSTEM32\CRYPTBASE.dll
0x000000006fd70000 - 0x000000006fd7d000 	C:\Program Files\Java\jdk1.8.0_102\jre\bin\management.dll
0x00007ffe8ee50000 - 0x00007ffe8eed8000 	C:\WINDOWS\system32\apphelp.dll

VM Arguments:
jvm_args: -XX:MaxPermSize=256m -XX:+HeapDumpOnOutOfMemoryError -Xmx1024m -Dfile.encoding=windows-1252 -Duser.country=US -Duser.language=en -Duser.variant 
java_command: org.gradle.launcher.daemon.bootstrap.GradleDaemon 2.10
java_class_path (initial): C:\Program Files\Android\Android Studio\gradle\gradle-2.10\lib\gradle-launcher-2.10.jar
Launcher Type: SUN_STANDARD

Environment Variables:
PATH=C:\ProgramData\Oracle\Java\javapath;C:\Windows\system32;C:\Windows;C:\Windows\System32\Wbem;C:\Windows\System32\WindowsPowerShell\v1.0\;C:\Program Files (x86)\NVIDIA Corporation\PhysX\Common;C:\Program Files\Java\jre1.8.0_102\bin;C:\Program Files\Java\jdk1.8.0_102\bin;C:\WINDOWS\system32\config\systemprofile\.dnx\bin;C:\Program Files\Microsoft DNX\Dnvm\;C:\Program Files\Microsoft SQL Server\120\Tools\Binn\;C:\WINDOWS\system32;C:\WINDOWS;C:\WINDOWS\System32\Wbem;C:\WINDOWS\System32\WindowsPowerShell\v1.0\;C:\Program Files (x86)\Windows Kits\8.1\Windows Performance Toolkit\;C:\Program Files\Anaconda3;C:\Program Files\Anaconda3\Scripts;C:\Program Files\Anaconda3\Library\bin;C:\opencv\build\x64\vc10\bin;C:\opencv\build\x86\vc9\bin;C:\opencv\build\common\tbb\intel64\vc9;C:\opencv\build\common\tbb\ia32\vc9;C:\Program Files\Git\cmd;F:\xampp\php;C:\ProgramData\ComposerSetup\bin;C:\Program Files (x86)\Mitov\Visuino;C:\Program Files (x86)\IVI Foundation\VISA\WinNT\Bin;C:\Program Files\PuTTY\;C:\Program Files (x86)\Java\jre1.8.0_161\bin;;C:\Users\Adam Puspabhuana\AppData\Local\Microsoft\WindowsApps;C:\Program Files\Docker Toolbox;C:\Program Files\Heroku\bin;C:\Users\Adam Puspabhuana\AppData\Roaming\Composer\vendor\bin;
USERNAME=Adam Puspabhuana
OS=Windows_NT
PROCESSOR_IDENTIFIER=Intel64 Family 6 Model 61 Stepping 4, GenuineIntel



---------------  S Y S T E M  ---------------

OS: Windows 10.0 , 64 bit Build 16299 (10.0.16299.431)

CPU:total 4 (2 cores per cpu, 2 threads per core) family 6 model 61 stepping 4, cmov, cx8, fxsr, mmx, sse, sse2, sse3, ssse3, sse4.1, sse4.2, popcnt, avx, avx2, aes, clmul, erms, 3dnowpref, lzcnt, ht, tsc, tscinvbit, bmi1, bmi2, adx

Memory: 4k page, physical 8300876k(988284k free), swap 10033940k(2160k free)

vm_info: Java HotSpot(TM) 64-Bit Server VM (25.102-b14) for windows-amd64 JRE (1.8.0_102-b14), built on Jun 22 2016 13:15:21 by "java_re" with MS VC++ 10.0 (VS2010)

time: Mon Aug 06 11:38:28 2018
elapsed time: 57 seconds (0d 0h 0m 57s)

